Advice refers to script "scripts/show_me/settlement_help_working.txt", which does not exist.
Advice refers to script "scripts/show_me/construction.txt", which does not exist.
Advice refers to script "scripts/show_me/recruitment.txt", which does not exist.
Advice refers to script "scripts/show_me/build_siege_equipment.txt", which does not exist.
Advice refers to script "scripts/show_me/find_pope_scroll.txt", which does not exist.
Advice refers to script "scripts/show_me/find_missions_log.txt", which does not exist.
Advice refers to script "scripts/show_me/find_faction_scroll.txt", which does not exist.
Advice refers to script "scripts/show_me/find_college_of_cardinals.txt", which does not exist.
Advice refers to script "scripts/show_me/settlement_details.txt", which does not exist.
Advice refers to script "scripts/show_me/find_finances_scroll.txt", which does not exist.
Advice refers to script "scripts/show_me/find_diplomacy_scroll.txt", which does not exist.
Advice refers to script "scripts/show_me/find_family_tree_scroll.txt", which does not exist.
Advice refers to script "scripts/show_me/find_faction_ranking_scroll.txt", which does not exist.
Advice refers to script "scripts/show_me/increase_taxation.txt", which does not exist.
Advice refers to script "scripts/show_me/decrease_taxation.txt", which does not exist.
Advice refers to script "scripts/show_me/advise_construct.txt", which does not exist.
Advice refers to script "scripts/show_me/advise_recruit.txt", which does not exist.
Advice refers to script "scripts/show_me/standard_battle.txt", which does not exist.
Advice refers to script "scripts/show_me/standard_battle_point_at_formation.txt", which does not exist.
Advice refers to script "scripts/show_me/standard_battle_point_at_special_ability.txt", which does not exist.
Advice refers to script "scripts/show_me/standard_battle_point_at_ffwd.txt", which does not exist.
Advice refers to script "scripts/show_me/standard_battle_point_at_radar_zoom.txt", which does not exist.
Advice refers to script "scripts/show_me/standard_battle_point_at_egg_timer.txt", which does not exist.
Advice refers to script "scripts/show_me/cantabrian_circle.txt", which does not exist.
Advice refers to script "scripts/show_me/deploy_siege_equipment.txt", which does not exist.
CS 11: Event counter "difficulty_easy" is set but never checked.
Historic event "america_discovered" is never triggered in the script.
Historic event "bolshevik_warning_1" is never triggered in the script.
Historic event "bolshevik_warning_2" is never triggered in the script.
Historic event "bolshevik_warning_3" is never triggered in the script.
Historic event "aztecs_contacted" is never triggered in the script.
Historic event "bolshevik_rev" is never triggered in the script.
Historic event "taiping_rebellion" is never triggered in the script.
Historic event "mexican_civil_war" is never triggered in the script.
Historic event "mexican_civil_war_empire" is never triggered in the script.
Historic event "mexican_civil_war_republic" is never triggered in the script.
Historic event "black_death_china" is never triggered in the script.
Historic event "black_death_mongol" is never triggered in the script.
Historic event "black_death_tibet" is never triggered in the script.
Historic event "black_death_khorasan" is never triggered in the script.
Historic event "black_death_persia" is never triggered in the script.
Historic event "black_death_india" is never triggered in the script.
Historic event "black_death_india2" is never triggered in the script.
Historic event "black_death_a_steppe" is never triggered in the script.
Historic event "black_death_e_steppe" is never triggered in the script.
Historic event "black_death_caffa" is never triggered in the script.
Historic event "unknown_disease" is never triggered in the script.
Historic event "black_death_hits" is never triggered in the script.
Historic event "black_death_1" is never triggered in the script.
Historic event "black_death_2" is never triggered in the script.
Historic event "black_death_3" is never triggered in the script.
Historic event "black_death_4" is never triggered in the script.
Historic event "black_death_5" is never triggered in the script.
Historic event "imperial_campaign_cuman (text/historic_events.txt:101)" has only title, not description.
Historic event "imperial_campaign_cuman" is never triggered in the script.
Historic event "reunification_of_italy" is never triggered in the script.
Historic event "zulu_empire" is never triggered in the script.
Historic event "boer_states" is never triggered in the script.
Historic event "turkic_khanate" is never triggered in the script.
Historic event "scandi_empire_swe" is never triggered in the script.
Historic event "scandi_empire_den" is never triggered in the script.
Historic event "japanese_empire_meiji" is never triggered in the script.
Historic event "japanese_empire_shogun" is never triggered in the script.
Historic event "german_unification" is never triggered in the script.
Historic event "manifest_destiny_csa" is never triggered in the script.
Historic event "manifest_destiny_usa" is never triggered in the script.
Historic event "incan_empire" is never triggered in the script.
Historic event "roman_revival" is never triggered in the script.
Historic event "byzantine_restoration" is never triggered in the script.
Historic event "spain_intro" is never triggered in the script.
Historic event "earthquake_in_aleppo" is never triggered in the script.
Historic event "earthquake_in_alexandria_2" is never triggered in the script.
Historic event "earthquake_in_alexandria" is never triggered in the script.
Historic event "earthquake_in_naples" is never triggered in the script.
Historic event "earthquake_in_silicia" is never triggered in the script.
Historic event "end_of_ages" is never triggered in the script.
Historic event "first_blast_furnace" is never triggered in the script.
Historic event "first_european_paper" is never triggered in the script.
Historic event "first_eyeglasses" is never triggered in the script.
Historic event "first_magnetic_compass" is never triggered in the script.
Historic event "first_mechanical_clock" is never triggered in the script.
Historic event "first_oil_painting" is never triggered in the script.
Historic event "first_piano" is never triggered in the script.
Historic event "first_printed_bible" is never triggered in the script.
Historic event "first_printing_press" is never triggered in the script.
Historic event "first_public_clock" is never triggered in the script.
Historic event "first_rudder" is never triggered in the script.
Historic event "first_sawmill" is never triggered in the script.
Historic event "first_watch" is never triggered in the script.
Historic event "first_wheelbarrow" is never triggered in the script.
Historic event "first_windmill" is never triggered in the script.
Historic event "football_banned" is never triggered in the script.
Historic event "grote_mandenke" is never triggered in the script.
Historic event "gunpowder_discovered" is never triggered in the script.
Historic event "knight_orders" is never triggered in the script.
Historic event "malleus_maleficarum" is never triggered in the script.
Historic event "mongols_invasion_warn" is never triggered in the script.
Historic event "new_era" is never triggered in the script.
Historic event "pavise_shield" is never triggered in the script.
Historic event "player_first_huge_cathedral" is never triggered in the script.
Historic event "science_alchemy_book" is never triggered in the script.
Historic event "science_da_vinci_ornithopter" is never triggered in the script.
Historic event "science_de_docta_ignorantia" is never triggered in the script.
Historic event "science_maths_zero_europe" is never triggered in the script.
Historic event "science_weather_forecast" is never triggered in the script.
Historic event "the_mongols_emerge" is never triggered in the script.
Historic event "the_timurids_emerge" is never triggered in the script.
Historic event "timurids_invasion_warn" is never triggered in the script.
Historic event "fake_round" is never triggered in the script.
Historic event "world_is_round" is never triggered in the script.
Historic event "martin_luther" is never triggered in the script.
Historic event "martin_luther_pope" is never triggered in the script.
Historic event "henry_viii" is never triggered in the script.
Historic event "gregorian_calendar" is never triggered in the script.
Historic event "archery" is never triggered in the script.
Historic event "mail" is never triggered in the script.
Historic event "spanish_inquisition" is never triggered in the script.
Historic event "origin_local_king_event" is never triggered in the script.
Historic event "origin_local_regent_event" is never triggered in the script.
Historic event "crusader_local_king_event" is never triggered in the script.
Historic event "crusader_local_regent_event" is never triggered in the script.
Historic event "gun_powder_local_king_event" is never triggered in the script.
Historic event "gun_powder_local_regent_event" is never triggered in the script.
Historic event "world_local_king_event" is never triggered in the script.
Historic event "world_local_regent_event" is never triggered in the script.
Historic event "empire_local_king_event" is never triggered in the script.
Historic event "empire_local_regent_event" is never triggered in the script.
Historic event "crusade_local_king_event" is never triggered in the script.
Historic event "crusade_local_regent_event" is never triggered in the script.
Historic event "gunpowder_local_king_event" is never triggered in the script.
Historic event "gunpowder_local_regent_event" is never triggered in the script.
Historic event "new_age_local_king_event" is never triggered in the script.
Historic event "new_age_local_regent_event" is never triggered in the script.
Historic event "empires_local_king_event" is never triggered in the script.
Historic event "empires_local_regent_event" is never triggered in the script.
Historic event "mongolia_local_king_event" is never triggered in the script.
Historic event "mongolia_local_regent_event" is never triggered in the script.
Historic event "khanate_local_king_event" is never triggered in the script.
Historic event "khanate_local_regent_event" is never triggered in the script.
Historic event "abbasid_king_event" is never triggered in the script.
Historic event "abbasid_regent_event" is never triggered in the script.
Historic event "afghan_king_event" is never triggered in the script.
Historic event "afghan_regent_event" is never triggered in the script.
Historic event "austria_king_event" is never triggered in the script.
Historic event "austria_regent_event" is never triggered in the script.
Historic event "aztecs_king_event" is never triggered in the script.
Historic event "aztecs_regent_event" is never triggered in the script.
Historic event "bosnia_king_event" is never triggered in the script.
Historic event "bosnia_regent_event" is never triggered in the script.
Historic event "burma_king_event" is never triggered in the script.
Historic event "burma_regent_event" is never triggered in the script.
Historic event "briton_king_event" is never triggered in the script.
Historic event "briton_regent_event" is never triggered in the script.
Historic event "bulga_king_event" is never triggered in the script.
Historic event "bulga_regent_event" is never triggered in the script.
Historic event "burgundy_king_event" is never triggered in the script.
Historic event "burgundy_regent_event" is never triggered in the script.
Historic event "byzantium_king_event" is never triggered in the script.
Historic event "byzantium_regent_event" is never triggered in the script.
Historic event "changhai_king_event" is never triggered in the script.
Historic event "changhai_regent_event" is never triggered in the script.
Historic event "cherokee_king_event" is never triggered in the script.
Historic event "cherokee_regent_event" is never triggered in the script.
Historic event "china_king_event" is never triggered in the script.
Historic event "china_regent_event" is never triggered in the script.
Historic event "crimea_king_event" is never triggered in the script.
Historic event "crimea_regent_event" is never triggered in the script.
Historic event "croat_king_event" is never triggered in the script.
Historic event "croat_regent_event" is never triggered in the script.
Historic event "croats_king_event" is never triggered in the script.
Historic event "croats_regent_event" is never triggered in the script.
Historic event "cru_king_event" is never triggered in the script.
Historic event "cru_regent_event" is never triggered in the script.
Historic event "cuman_king_event" is never triggered in the script.
Historic event "cuman_regent_event" is never triggered in the script.
Historic event "cyprus_king_event" is never triggered in the script.
Historic event "cyprus_regent_event" is never triggered in the script.
Historic event "denmark_king_event" is never triggered in the script.
Historic event "denmark_regent_event" is never triggered in the script.
Historic event "egypt_king_event" is never triggered in the script.
Historic event "egypt_regent_event" is never triggered in the script.
Historic event "england_king_event" is never triggered in the script.
Historic event "england_regent_event" is never triggered in the script.
Historic event "france_king_event" is never triggered in the script.
Historic event "france_regent_event" is never triggered in the script.
Historic event "genoa_king_event" is never triggered in the script.
Historic event "genoa_regent_event" is never triggered in the script.
Historic event "golden_king_event" is never triggered in the script.
Historic event "golden_regent_event" is never triggered in the script.
Historic event "hre_king_event" is never triggered in the script.
Historic event "hre_regent_event" is never triggered in the script.
Historic event "hungary_king_event" is never triggered in the script.
Historic event "hungary_regent_event" is never triggered in the script.
Historic event "ilkhan_king_event" is never triggered in the script.
Historic event "ilkhan_regent_event" is never triggered in the script.
Historic event "inca_king_event" is never triggered in the script.
Historic event "inca_regent_event" is never triggered in the script.
Historic event "ireland_king_event" is never triggered in the script.
Historic event "ireland_regent_event" is never triggered in the script.
Historic event "japan_king_event" is never triggered in the script.
Historic event "japan_regent_event" is never triggered in the script.
Historic event "jin_king_event" is never triggered in the script.
Historic event "jin_regent_event" is never triggered in the script.
Historic event "kalmar_king_event" is never triggered in the script.
Historic event "kalmar_regent_event" is never triggered in the script.
Historic event "kamakura_king_event" is never triggered in the script.
Historic event "kamakura_regent_event" is never triggered in the script.
Historic event "kazakh_king_event" is never triggered in the script.
Historic event "kazakh_regent_event" is never triggered in the script.
Historic event "kazan_king_event" is never triggered in the script.
Historic event "kazan_regent_event" is never triggered in the script.
Historic event "khmer_king_event" is never triggered in the script.
Historic event "khmer_regent_event" is never triggered in the script.
Historic event "khwa_king_event" is never triggered in the script.
Historic event "khwa_regent_event" is never triggered in the script.
Historic event "khwaziam_king_event" is never triggered in the script.
Historic event "khwaziam_regent_event" is never triggered in the script.
Historic event "korea_king_event" is never triggered in the script.
Historic event "korea_regent_event" is never triggered in the script.
Historic event "lith_king_event" is never triggered in the script.
Historic event "lith_regent_event" is never triggered in the script.
Historic event "majaphit_king_event" is never triggered in the script.
Historic event "majaphit_regent_event" is never triggered in the script.
Historic event "milan_king_event" is never triggered in the script.
Historic event "milan_regent_event" is never triggered in the script.
Historic event "mongols_king_event" is never triggered in the script.
Historic event "mongols_regent_event" is never triggered in the script.
Historic event "moors_king_event" is never triggered in the script.
Historic event "moors_regent_event" is never triggered in the script.
Historic event "mughals_king_event" is never triggered in the script.
Historic event "mughals_regent_event" is never triggered in the script.
Historic event "normans_king_event" is never triggered in the script.
Historic event "normans_regent_event" is never triggered in the script.
Historic event "ottoman_king_event" is never triggered in the script.
Historic event "ottoman_regent_event" is never triggered in the script.
Historic event "poland_king_event" is never triggered in the script.
Historic event "poland_regent_event" is never triggered in the script.
Historic event "portugal_king_event" is never triggered in the script.
Historic event "portugal_regent_event" is never triggered in the script.
Historic event "portugala_king_event" is never triggered in the script.
Historic event "portugala_regent_event" is never triggered in the script.
Historic event "prussia_king_event" is never triggered in the script.
Historic event "prussia_regent_event" is never triggered in the script.
Historic event "russia_king_event" is never triggered in the script.
Historic event "russia_regent_event" is never triggered in the script.
Historic event "sarafids_king_event" is never triggered in the script.
Historic event "sarafids_regent_event" is never triggered in the script.
Historic event "saxons_king_event" is never triggered in the script.
Historic event "saxons_regent_event" is never triggered in the script.
Historic event "scotland_king_event" is never triggered in the script.
Historic event "scotland_regent_event" is never triggered in the script.
Historic event "sicily_king_event" is never triggered in the script.
Historic event "sicily_regent_event" is never triggered in the script.
Historic event "sicilian_king_event" is never triggered in the script.
Historic event "sicilian_regent_event" is never triggered in the script.
Historic event "song_king_event" is never triggered in the script.
Historic event "song_regent_event" is never triggered in the script.
Historic event "songhai_king_event" is never triggered in the script.
Historic event "songhai_regent_event" is never triggered in the script.
Historic event "spain_king_event" is never triggered in the script.
Historic event "spain_regent_event" is never triggered in the script.
Historic event "sweden_king_event" is never triggered in the script.
Historic event "sweden_regent_event" is never triggered in the script.
Historic event "teu_king_event" is never triggered in the script.
Historic event "teu_regent_event" is never triggered in the script.
Historic event "thailand_king_event" is never triggered in the script.
Historic event "thailand_regent_event" is never triggered in the script.
Historic event "tibet_king_event" is never triggered in the script.
Historic event "tibet_regent_event" is never triggered in the script.
Historic event "timur_king_event" is never triggered in the script.
Historic event "timur_regent_event" is never triggered in the script.
Historic event "timurids_king_event" is never triggered in the script.
Historic event "timurids_regent_event" is never triggered in the script.
Historic event "tughluq_king_event" is never triggered in the script.
Historic event "tughluq_regent_event" is never triggered in the script.
Historic event "turco_king_event" is never triggered in the script.
Historic event "turco_regent_event" is never triggered in the script.
Historic event "turks_king_event" is never triggered in the script.
Historic event "turks_regent_event" is never triggered in the script.
Historic event "uzbeks_king_event" is never triggered in the script.
Historic event "uzbeks_regent_event" is never triggered in the script.
Historic event "venice_king_event" is never triggered in the script.
Historic event "venice_regent_event" is never triggered in the script.
Historic event "wales_king_event" is never triggered in the script.
Historic event "wales_regent_event" is never triggered in the script.
Historic event "yuan_king_event" is never triggered in the script.
Historic event "yuan_regent_event" is never triggered in the script.
Historic event "settlement_lost_abbasid" is never triggered in the script.
Historic event "settlement_lost_afghan" is never triggered in the script.
Historic event "settlement_lost_austria" is never triggered in the script.
Historic event "settlement_lost_aztec" is never triggered in the script.
Historic event "settlement_lost_aztecs" is never triggered in the script.
Historic event "settlement_lost_bosnia" is never triggered in the script.
Historic event "settlement_lost_burma" is never triggered in the script.
Historic event "settlement_lost_briton" is never triggered in the script.
Historic event "settlement_lost_bulga" is never triggered in the script.
Historic event "settlement_lost_burgundy" is never triggered in the script.
Historic event "settlement_lost_byzantium" is never triggered in the script.
Historic event "settlement_lost_chagatai" is never triggered in the script.
Historic event "settlement_lost_cherokee" is never triggered in the script.
Historic event "settlement_lost_china" is never triggered in the script.
Historic event "settlement_lost_crimea" is never triggered in the script.
Historic event "settlement_lost_croat" is never triggered in the script.
Historic event "settlement_lost_croats" is never triggered in the script.
Historic event "settlement_lost_cru" is never triggered in the script.
Historic event "settlement_lost_cuman" is never triggered in the script.
Historic event "settlement_lost_cyprus" is never triggered in the script.
Historic event "settlement_lost_denmark" is never triggered in the script.
Historic event "settlement_lost_england" is never triggered in the script.
Historic event "settlement_lost_egypt" is never triggered in the script.
Historic event "settlement_lost_france" is never triggered in the script.
Historic event "settlement_lost_genoa" is never triggered in the script.
Historic event "settlement_lost_golden" is never triggered in the script.
Historic event "settlement_lost_hre" is never triggered in the script.
Historic event "settlement_lost_hungary" is never triggered in the script.
Historic event "settlement_lost_ilkhan" is never triggered in the script.
Historic event "settlement_lost_ireland" is never triggered in the script.
Historic event "settlement_lost_japan" is never triggered in the script.
Historic event "settlement_lost_jin" is never triggered in the script.
Historic event "settlement_lost_lith" is never triggered in the script.
Historic event "settlement_lost_kalmar" is never triggered in the script.
Historic event "settlement_lost_kamakura" is never triggered in the script.
Historic event "settlement_lost_kazakh" is never triggered in the script.
Historic event "settlement_lost_kazan" is never triggered in the script.
Historic event "settlement_lost_khmer" is never triggered in the script.
Historic event "settlement_lost_khwa" is never triggered in the script.
Historic event "settlement_lost_khwaziam" is never triggered in the script.
Historic event "settlement_lost_korea" is never triggered in the script.
Historic event "settlement_lost_majapahits" is never triggered in the script.
Historic event "settlement_lost_milan" is never triggered in the script.
Historic event "settlement_lost_mongols" is never triggered in the script.
Historic event "settlement_lost_moors" is never triggered in the script.
Historic event "settlement_lost_mughal" is never triggered in the script.
Historic event "settlement_lost_normans" is never triggered in the script.
Historic event "settlement_lost_ottoman" is never triggered in the script.
Historic event "settlement_lost_poland" is never triggered in the script.
Historic event "settlement_lost_portugal" is never triggered in the script.
Historic event "settlement_lost_portugala" is never triggered in the script.
Historic event "settlement_lost_prussia" is never triggered in the script.
Historic event "settlement_lost_russia" is never triggered in the script.
Historic event "settlement_lost_sarafids" is never triggered in the script.
Historic event "settlement_lost_saxons" is never triggered in the script.
Historic event "settlement_lost_scotland" is never triggered in the script.
Historic event "settlement_lost_sicily" is never triggered in the script.
Historic event "settlement_lost_sicilian" is never triggered in the script.
Historic event "settlement_lost_song" is never triggered in the script.
Historic event "settlement_lost_songhai" is never triggered in the script.
Historic event "settlement_lost_spain" is never triggered in the script.
Historic event "settlement_lost_sweden" is never triggered in the script.
Historic event "settlement_lost_teu" is never triggered in the script.
Historic event "settlement_lost_thailand" is never triggered in the script.
Historic event "settlement_lost_tibet" is never triggered in the script.
Historic event "settlement_lost_timur" is never triggered in the script.
Historic event "settlement_lost_timurids" is never triggered in the script.
Historic event "settlement_lost_turco" is never triggered in the script.
Historic event "settlement_lost_turks" is never triggered in the script.
Historic event "settlement_lost_uzbek" is never triggered in the script.
Historic event "settlement_lost_venice" is never triggered in the script.
Historic event "settlement_lost_wales" is never triggered in the script.
Historic event "settlement_lost_yuan" is never triggered in the script.
Historic event "concentric_castles" is never triggered in the script.
Historic event "pavise_shields" is never triggered in the script.
Historic event "heavy_mail_armor" is never triggered in the script.
Historic event "transitional_armor" is never triggered in the script.
Historic event "half_plate_armor" is never triggered in the script.
Historic event "full_plate_armor" is never triggered in the script.
Historic event "gothic_armor" is never triggered in the script.
Historic event "improved_metallurgy" is never triggered in the script.
Historic event "advanced_metallurgy" is never triggered in the script.
Historic event "mounted_crossbows" is never triggered in the script.
Historic event "english_archers" is never triggered in the script.
Historic event "cannons" is never triggered in the script.
Historic event "handgun" is never triggered in the script.
Historic event "matchlock" is never triggered in the script.
Historic event "adv_matchlock" is never triggered in the script.
