battle_models.modeldb 1073: Trailing space count is wrong: 0.
battle_models.modeldb 3320: Trailing space count is wrong: 0.
battle_models.modeldb 3324: Trailing space count is wrong: 2.
battle_models.modeldb 3494: Trailing space count is wrong: 0.
battle_models.modeldb 3498: Trailing space count is wrong: 0.
battle_models.modeldb 3509: Trailing space count is wrong: 0.
battle_models.modeldb 3510: Trailing space count is wrong: 0.
battle_models.modeldb 3513: Trailing space count is wrong: 0.
battle_models.modeldb 3515: Trailing space count is wrong: 2.
battle_models.modeldb 4759: Trailing space count is wrong: 0.
battle_models.modeldb 4771: Trailing space count is wrong: 0.
battle_models.modeldb 4791: Trailing space count is wrong: 0.
battle_models.modeldb 4795: Trailing space count is wrong: 0.
battle_models.modeldb 4799: Trailing space count is wrong: 0.
battle_models.modeldb 4803: Trailing space count is wrong: 0.
battle_models.modeldb 4807: Trailing space count is wrong: 0.
battle_models.modeldb 4816: Trailing space count is wrong: 0.
battle_models.modeldb 4831: Trailing space count is wrong: 0.
battle_models.modeldb 4834: Trailing space count is wrong: 0.
battle_models.modeldb 4837: Trailing space count is wrong: 0.
battle_models.modeldb 4852: Trailing space count is wrong: 0.
battle_models.modeldb 4855: Trailing space count is wrong: 0.
battle_models.modeldb 4860: Trailing space count is wrong: 0.
battle_models.modeldb 4864: Trailing space count is wrong: 0.
battle_models.modeldb 4919: Trailing space count is wrong: 0.
battle_models.modeldb 4923: Trailing space count is wrong: 0.
battle_models.modeldb 4934: Trailing space count is wrong: 0.
battle_models.modeldb 4937: Trailing space count is wrong: 0.
battle_models.modeldb 5542: Trailing space count is wrong: 0.
battle_models.modeldb 5559: Trailing space count is wrong: 0.
battle_models.modeldb 5796: Trailing space count is wrong: 0.
battle_models.modeldb 5800: Trailing space count is wrong: 0.
battle_models.modeldb 5804: Trailing space count is wrong: 0.
battle_models.modeldb 5811: Trailing space count is wrong: 0.
battle_models.modeldb 5814: Trailing space count is wrong: 0.
battle_models.modeldb 6466: Trailing space count is wrong: 0.
battle_models.modeldb 6470: Trailing space count is wrong: 0.
battle_models.modeldb 6482: Trailing space count is wrong: 0.
battle_models.modeldb 6490: Trailing space count is wrong: 0.
battle_models.modeldb 6511: Trailing space count is wrong: 0.
battle_models.modeldb 6520: Trailing space count is wrong: 0.
battle_models.modeldb 6526: Trailing space count is wrong: 0.
battle_models.modeldb 7430: Trailing space count is wrong: 0.
battle_models.modeldb 7454: Trailing space count is wrong: 0.
battle_models.modeldb 7600: Trailing space count is wrong: 0.
battle_models.modeldb 7620: Trailing space count is wrong: 0.
battle_models.modeldb 8199: Trailing space count is wrong: 0.
battle_models.modeldb 8202: Trailing space count is wrong: 0.
battle_models.modeldb 8204: Trailing space count is wrong: 0.
battle_models.modeldb 8206: Trailing space count is wrong: 0.
battle_models.modeldb 8208: Trailing space count is wrong: 0.
battle_models.modeldb 8209: Trailing space count is wrong: 0.
battle_models.modeldb 8210: Trailing space count is wrong: 0.
battle_models.modeldb 8212: Trailing space count is wrong: 0.
battle_models.modeldb 8216: Trailing space count is wrong: 0.
battle_models.modeldb 8218: Trailing space count is wrong: 0.
battle_models.modeldb 8220: Trailing space count is wrong: 0.
battle_models.modeldb 8222: Trailing space count is wrong: 0.
battle_models.modeldb 8224: Trailing space count is wrong: 0.
battle_models.modeldb 8226: Trailing space count is wrong: 0.
battle_models.modeldb 8228: Trailing space count is wrong: 0.
battle_models.modeldb 8230: Trailing space count is wrong: 0.
battle_models.modeldb 8231: Trailing space count is wrong: 0.
battle_models.modeldb 8234: Trailing space count is wrong: 0.
battle_models.modeldb 8235: Trailing space count is wrong: 0.
battle_models.modeldb 8238: Trailing space count is wrong: 0.
battle_models.modeldb 8239: Trailing space count is wrong: 0.
battle_models.modeldb 8242: Trailing space count is wrong: 0.
battle_models.modeldb 8243: Trailing space count is wrong: 0.
battle_models.modeldb 8246: Trailing space count is wrong: 0.
battle_models.modeldb 8247: Trailing space count is wrong: 0.
battle_models.modeldb 8250: Trailing space count is wrong: 0.
battle_models.modeldb 8251: Trailing space count is wrong: 0.
battle_models.modeldb 8254: Trailing space count is wrong: 0.
battle_models.modeldb 8255: Trailing space count is wrong: 0.
battle_models.modeldb 8259: Trailing space count is wrong: 0.
battle_models.modeldb 8263: Trailing space count is wrong: 0.
battle_models.modeldb 8266: Trailing space count is wrong: 0.
battle_models.modeldb 8267: Trailing space count is wrong: 0.
battle_models.modeldb 8270: Trailing space count is wrong: 0.
battle_models.modeldb 8271: Trailing space count is wrong: 0.
battle_models.modeldb 8274: Trailing space count is wrong: 0.
battle_models.modeldb 8275: Trailing space count is wrong: 0.
battle_models.modeldb 8278: Trailing space count is wrong: 0.
battle_models.modeldb 8279: Trailing space count is wrong: 0.
battle_models.modeldb 8282: Trailing space count is wrong: 0.
battle_models.modeldb 8283: Trailing space count is wrong: 0.
battle_models.modeldb 8286: Trailing space count is wrong: 0.
battle_models.modeldb 8287: Trailing space count is wrong: 0.
battle_models.modeldb 8290: Trailing space count is wrong: 0.
battle_models.modeldb 8291: Trailing space count is wrong: 0.
battle_models.modeldb 8295: Trailing space count is wrong: 0.
battle_models.modeldb 8298: Trailing space count is wrong: 0.
battle_models.modeldb 8299: Trailing space count is wrong: 0.
battle_models.modeldb 8302: Trailing space count is wrong: 0.
battle_models.modeldb 8304: Trailing space count is wrong: 0.
battle_models.modeldb 8306: Trailing space count is wrong: 0.
battle_models.modeldb 8307: Trailing space count is wrong: 0.
battle_models.modeldb 8310: Trailing space count is wrong: 0.
battle_models.modeldb 8311: Trailing space count is wrong: 0.
battle_models.modeldb 8312: Trailing space count is wrong: 2.
battle_models.modeldb 8314: Trailing space count is wrong: 0.
battle_models.modeldb 8315: Trailing space count is wrong: 0.
battle_models.modeldb 8318: Trailing space count is wrong: 0.
battle_models.modeldb 8319: Trailing space count is wrong: 0.
battle_models.modeldb 8322: Trailing space count is wrong: 0.
battle_models.modeldb 8323: Trailing space count is wrong: 0.
battle_models.modeldb 8325: Trailing space count is wrong: 0.
battle_models.modeldb 8327: Trailing space count is wrong: 0.
battle_models.modeldb 8331: Trailing space count is wrong: 0.
battle_models.modeldb 8332: Trailing space count is wrong: 0.
battle_models.modeldb 8334: Trailing space count is wrong: 0.
battle_models.modeldb 8336: Trailing space count is wrong: 0.
battle_models.modeldb 8337: Trailing space count is wrong: 0.
battle_models.modeldb 8341: Trailing space count is wrong: 0.
battle_models.modeldb 8343: Trailing space count is wrong: 0.
battle_models.modeldb 8344: Trailing space count is wrong: 0.
battle_models.modeldb 8346: Trailing space count is wrong: 0.
battle_models.modeldb 8347: Trailing space count is wrong: 0.
battle_models.modeldb 8349: Trailing space count is wrong: 0.
battle_models.modeldb 8350: Trailing space count is wrong: 0.
battle_models.modeldb 8352: Trailing space count is wrong: 0.
battle_models.modeldb 8353: Trailing space count is wrong: 0.
battle_models.modeldb 8355: Trailing space count is wrong: 0.
battle_models.modeldb 8356: Trailing space count is wrong: 0.
battle_models.modeldb 8358: Trailing space count is wrong: 0.
battle_models.modeldb 8359: Trailing space count is wrong: 0.
battle_models.modeldb 8361: Trailing space count is wrong: 0.
battle_models.modeldb 8362: Trailing space count is wrong: 0.
battle_models.modeldb 8364: Trailing space count is wrong: 0.
battle_models.modeldb 8365: Trailing space count is wrong: 0.
battle_models.modeldb 8367: Trailing space count is wrong: 0.
battle_models.modeldb 8368: Trailing space count is wrong: 0.
battle_models.modeldb 8370: Trailing space count is wrong: 0.
battle_models.modeldb 8371: Trailing space count is wrong: 0.
battle_models.modeldb 8374: Trailing space count is wrong: 0.
battle_models.modeldb 8376: Trailing space count is wrong: 0.
battle_models.modeldb 8377: Trailing space count is wrong: 0.
battle_models.modeldb 8379: Trailing space count is wrong: 0.
battle_models.modeldb 8380: Trailing space count is wrong: 0.
battle_models.modeldb 8382: Trailing space count is wrong: 0.
battle_models.modeldb 8383: Trailing space count is wrong: 0.
battle_models.modeldb 8385: Trailing space count is wrong: 0.
battle_models.modeldb 8386: Trailing space count is wrong: 0.
battle_models.modeldb 8388: Trailing space count is wrong: 0.
battle_models.modeldb 8389: Trailing space count is wrong: 0.
battle_models.modeldb 8391: Trailing space count is wrong: 0.
battle_models.modeldb 8392: Trailing space count is wrong: 0.
battle_models.modeldb 8394: Trailing space count is wrong: 0.
battle_models.modeldb 8395: Trailing space count is wrong: 0.
battle_models.modeldb 8397: Trailing space count is wrong: 0.
battle_models.modeldb 8398: Trailing space count is wrong: 0.
battle_models.modeldb 8400: Trailing space count is wrong: 2.
battle_models.modeldb 8401: Trailing space count is wrong: 0.
battle_models.modeldb 8403: Trailing space count is wrong: 0.
battle_models.modeldb 8404: Trailing space count is wrong: 0.
battle_models.modeldb 8406: Trailing space count is wrong: 0.
battle_models.modeldb 8407: Trailing space count is wrong: 0.
battle_models.modeldb 8409: Trailing space count is wrong: 0.
battle_models.modeldb 8410: Trailing space count is wrong: 0.
battle_models.modeldb 8412: Trailing space count is wrong: 0.
battle_models.modeldb 8415: Trailing space count is wrong: 0.
battle_models.modeldb 8416: Trailing space count is wrong: 0.
battle_models.modeldb 8418: Trailing space count is wrong: 0.
battle_models.modeldb 8419: Trailing space count is wrong: 0.
battle_models.modeldb 8421: Trailing space count is wrong: 0.
battle_models.modeldb 8422: Trailing space count is wrong: 0.
battle_models.modeldb 8423: Trailing space count is wrong: 0.
battle_models.modeldb 8425: Trailing space count is wrong: 0.
battle_models.modeldb 8460: Trailing space count is wrong: 0.
battle_models.modeldb 9656: Trailing space count is wrong: 0.
battle_models.modeldb 9667: Trailing space count is wrong: 0.
battle_models.modeldb 10542: Trailing space count is wrong: 0.
battle_models.modeldb 11686: Trailing space count is wrong: 0.
battle_models.modeldb 11690: Trailing space count is wrong: 0.
battle_models.modeldb 11695: Trailing space count is wrong: 2.
battle_models.modeldb 12744: Trailing space count is wrong: 0.
battle_models.modeldb 12748: Trailing space count is wrong: 0.
battle_models.modeldb 12762: Trailing space count is wrong: 0.
battle_models.modeldb 13574: Trailing space count is wrong: 0.
battle_models.modeldb 13617: Trailing space count is wrong: 0.
battle_models.modeldb 14383: Trailing space count is wrong: 0.
battle_models.modeldb 15653: Trailing space count is wrong: 0.
battle_models.modeldb 15673: Trailing space count is wrong: 0.
battle_models.modeldb 16427: Trailing space count is wrong: 0.
battle_models.modeldb 16444: Trailing space count is wrong: 0.
battle_models.modeldb 16452: Trailing space count is wrong: 0.
battle_models.modeldb 16465: Trailing space count is wrong: 0.
battle_models.modeldb 16565: Trailing space count is wrong: 2.
battle_models.modeldb 16566: Trailing space count is wrong: 0.
battle_models.modeldb 16643: Trailing space count is wrong: 2.
battle_models.modeldb 16653: Trailing space count is wrong: 0.
battle_models.modeldb 16662: Trailing space count is wrong: 2.
battle_models.modeldb 16663: Trailing space count is wrong: 0.
battle_models.modeldb 16665: Trailing space count is wrong: 2.
battle_models.modeldb 16740: Trailing space count is wrong: 2.
battle_models.modeldb 16750: Trailing space count is wrong: 0.
battle_models.modeldb 17067: Trailing space count is wrong: 0.
battle_models.modeldb 17082: Trailing space count is wrong: 0.
battle_models.modeldb 17154: Trailing space count is wrong: 0.
battle_models.modeldb 17159: Trailing space count is wrong: 0.
battle_models.modeldb 17188: Trailing space count is wrong: 0.
battle_models.modeldb 17191: Trailing space count is wrong: 0.
battle_models.modeldb 17193: Trailing space count is wrong: 0.
battle_models.modeldb 17194: Trailing space count is wrong: 0.
battle_models.modeldb 17240: Trailing space count is wrong: 0.
battle_models.modeldb 17512: Trailing space count is wrong: 0.
battle_models.modeldb 17516: Trailing space count is wrong: 0.
battle_models.modeldb 17529: Trailing space count is wrong: 0.
battle_models.modeldb 18434: Trailing space count is wrong: 0.
battle_models.modeldb 18440: Trailing space count is wrong: 0.
battle_models.modeldb 18459: Trailing space count is wrong: 0.
battle_models.modeldb 18465: Trailing space count is wrong: 0.
battle_models.modeldb 18508: Trailing space count is wrong: 0.
battle_models.modeldb 18516: Trailing space count is wrong: 0.
battle_models.modeldb 18528: Trailing space count is wrong: 0.
battle_models.modeldb 18535: Trailing space count is wrong: 0.
battle_models.modeldb 18541: Trailing space count is wrong: 0.
battle_models.modeldb 18580: Trailing space count is wrong: 0.
battle_models.modeldb 18692: Trailing space count is wrong: 0.
battle_models.modeldb 18700: Trailing space count is wrong: 0.
battle_models.modeldb 18724: Trailing space count is wrong: 0.
battle_models.modeldb 18730: Trailing space count is wrong: 0.
battle_models.modeldb 18902: Trailing space count is wrong: 0.
battle_models.modeldb 18918: Trailing space count is wrong: 0.
battle_models.modeldb 18921: Trailing space count is wrong: 0.
battle_models.modeldb 18952: Trailing space count is wrong: 0.
battle_models.modeldb 18955: Trailing space count is wrong: 0.
battle_models.modeldb 18998: Trailing space count is wrong: 0.
battle_models.modeldb 18999: Trailing space count is wrong: 0.
battle_models.modeldb 19002: Trailing space count is wrong: 0.
battle_models.modeldb 19004: Trailing space count is wrong: 2.
battle_models.modeldb 19005: Trailing space count is wrong: 0.
battle_models.modeldb 19007: Trailing space count is wrong: 2.
battle_models.modeldb 19018: Trailing space count is wrong: 0.
battle_models.modeldb 19021: Trailing space count is wrong: 0.
battle_models.modeldb 19024: Trailing space count is wrong: 0.
battle_models.modeldb 19064: Trailing space count is wrong: 2.
battle_models.modeldb 19065: Trailing space count is wrong: 0.
battle_models.modeldb 19142: Trailing space count is wrong: 2.
battle_models.modeldb 19152: Trailing space count is wrong: 0.
battle_models.modeldb 19158: Trailing space count is wrong: 0.
battle_models.modeldb 19162: Trailing space count is wrong: 0.
battle_models.modeldb 19164: Trailing space count is wrong: 0.
battle_models.modeldb 19167: Trailing space count is wrong: 0.
battle_models.modeldb 19170: Trailing space count is wrong: 0.
battle_models.modeldb 19173: Trailing space count is wrong: 0.
battle_models.modeldb 19176: Trailing space count is wrong: 0.
battle_models.modeldb 19179: Trailing space count is wrong: 0.
battle_models.modeldb 19182: Trailing space count is wrong: 0.
battle_models.modeldb 19185: Trailing space count is wrong: 0.
battle_models.modeldb 19188: Trailing space count is wrong: 0.
battle_models.modeldb 19191: Trailing space count is wrong: 0.
battle_models.modeldb 19194: Trailing space count is wrong: 0.
battle_models.modeldb 19197: Trailing space count is wrong: 0.
battle_models.modeldb 19200: Trailing space count is wrong: 0.
battle_models.modeldb 19203: Trailing space count is wrong: 0.
battle_models.modeldb 19206: Trailing space count is wrong: 0.
battle_models.modeldb 19209: Trailing space count is wrong: 0.
battle_models.modeldb 19212: Trailing space count is wrong: 0.
battle_models.modeldb 19215: Trailing space count is wrong: 0.
battle_models.modeldb 19218: Trailing space count is wrong: 0.
battle_models.modeldb 19221: Trailing space count is wrong: 0.
battle_models.modeldb 19224: Trailing space count is wrong: 0.
battle_models.modeldb 19227: Trailing space count is wrong: 0.
battle_models.modeldb 19230: Trailing space count is wrong: 0.
battle_models.modeldb 19233: Trailing space count is wrong: 0.
battle_models.modeldb 19236: Trailing space count is wrong: 0.
battle_models.modeldb 19242: Trailing space count is wrong: 0.
battle_models.modeldb 19245: Trailing space count is wrong: 0.
battle_models.modeldb 19248: Trailing space count is wrong: 0.
battle_models.modeldb 19249: Trailing space count is wrong: 0.
battle_models.modeldb 19251: Trailing space count is wrong: 0.
battle_models.modeldb 19455: Trailing space count is wrong: 0.
battle_models.modeldb 19471: Trailing space count is wrong: 0.
battle_models.modeldb 19676: Trailing space count is wrong: 0.
battle_models.modeldb 19688: Trailing space count is wrong: 0.
battle_models.modeldb 19708: Trailing space count is wrong: 0.
battle_models.modeldb 19717: Trailing space count is wrong: 0.
battle_models.modeldb 20598: Trailing space count is wrong: 0.
export_units.txt 2: (Entry afghan javelinmen) Unit description "afghan javelinmen" is missing its long description.
export_units.txt 2: (Entry afghan javelinmen) Unit description "afghan javelinmen" is missing its short description.
export_units.txt 2: (Entry afghan javelinmen) Unit description is not used by any unit.
export_units.txt 3: (Entry african_bodyguard) Unit description "african_bodyguard" is missing its long description.
export_units.txt 3: (Entry african_bodyguard) Unit description "african_bodyguard" is missing its short description.
export_units.txt 3: (Entry african_bodyguard) Unit description is not used by any unit.
export_units.txt 4: (Entry african_javelinmen) Unit description "african_javelinmen" is missing its long description.
export_units.txt 4: (Entry african_javelinmen) Unit description "african_javelinmen" is missing its short description.
export_units.txt 4: (Entry african_javelinmen) Unit description is not used by any unit.
export_units.txt 5: (Entry african_spearmen) Unit description "african_spearmen" is missing its long description.
export_units.txt 5: (Entry african_spearmen) Unit description "african_spearmen" is missing its short description.
export_units.txt 5: (Entry african_spearmen) Unit description is not used by any unit.
export_units.txt 6: (Entry african_warriors) Unit description "african_warriors" is missing its long description.
export_units.txt 6: (Entry african_warriors) Unit description "african_warriors" is missing its short description.
export_units.txt 6: (Entry african_warriors) Unit description is not used by any unit.
export_units.txt 9: (Entry burmese_bodyguard) Unit description is not used by any unit.
export_units.txt 10: (Entry serb_inf_early) Unit description "serb_inf_early" is missing its long description.
export_units.txt 10: (Entry serb_inf_early) Unit description "serb_inf_early" is missing its short description.
export_units.txt 10: (Entry serb_inf_early) Unit description is not used by any unit.
export_units.txt 11: (Entry serb_carb_early) Unit description "serb_carb_early" is missing its long description.
export_units.txt 11: (Entry serb_carb_early) Unit description "serb_carb_early" is missing its short description.
export_units.txt 11: (Entry serb_carb_early) Unit description is not used by any unit.
export_units.txt 12: (Entry port_light_cav) Unit description "port_light_cav" is missing its long description.
export_units.txt 12: (Entry port_light_cav) Unit description "port_light_cav" is missing its short description.
export_units.txt 12: (Entry port_light_cav) Unit description is not used by any unit.
export_units.txt 13: (Entry port_rec) Unit description "port_rec" is missing its long description.
export_units.txt 13: (Entry port_rec) Unit description "port_rec" is missing its short description.
export_units.txt 13: (Entry port_rec) Unit description is not used by any unit.
export_units.txt 14: (Entry port_reg) Unit description "port_reg" is missing its long description.
export_units.txt 14: (Entry port_reg) Unit description "port_reg" is missing its short description.
export_units.txt 14: (Entry port_reg) Unit description is not used by any unit.
export_units.txt 15: (Entry burmese_elephant_archers) Unit description "burmese_elephant_archers" is missing its long description.
export_units.txt 15: (Entry burmese_elephant_archers) Unit description "burmese_elephant_archers" is missing its short description.
export_units.txt 15: (Entry burmese_elephant_archers) Unit description is not used by any unit.
export_units.txt 16: (Entry serb_guard_early) Unit description "serb_guard_early" is missing its long description.
export_units.txt 16: (Entry serb_guard_early) Unit description "serb_guard_early" is missing its short description.
export_units.txt 16: (Entry serb_guard_early) Unit description is not used by any unit.
export_units.txt 17: (Entry bul_carb) Unit description "bul_carb" is missing its long description.
export_units.txt 17: (Entry bul_carb) Unit description "bul_carb" is missing its short description.
export_units.txt 17: (Entry bul_carb) Unit description is not used by any unit.
export_units.txt 18: (Entry bul_guard_early) Unit description "bul_guard_early" is missing its long description.
export_units.txt 18: (Entry bul_guard_early) Unit description "bul_guard_early" is missing its short description.
export_units.txt 18: (Entry bul_guard_early) Unit description is not used by any unit.
export_units.txt 19: (Entry shamsherbaz) Unit description "shamsherbaz" is missing its long description.
export_units.txt 19: (Entry shamsherbaz) Unit description "shamsherbaz" is missing its short description.
export_units.txt 19: (Entry shamsherbaz) Unit description is not used by any unit.
export_units.txt 31: (Entry aceh_gold) Unit description is not used by any unit.
export_units.txt 34: (Entry aceh_inf) Unit description is not used by any unit.
export_units.txt 37: (Entry aceh_marines) Unit description is not used by any unit.
export_units.txt 40: (Entry aceh_noble) Unit description is not used by any unit.
export_units.txt 43: (Entry aceh_reg) Unit description is not used by any unit.
export_units.txt 46: (Entry aceh_warband) Unit description is not used by any unit.
export_units.txt 98: (Entry atakebune) Unit description "atakebune" is missing its long description.
export_units.txt 98: (Entry atakebune) Unit description "atakebune" is missing its short description.
export_units.txt 98: (Entry atakebune) Unit description is not used by any unit.
export_units.txt 126: (Entry av2) Unit description "av2" is missing its long description.
export_units.txt 126: (Entry av2) Unit description "av2" is missing its short description.
export_units.txt 126: (Entry av2) Unit description is not used by any unit.
export_units.txt 127: (Entry baghlah) Unit description "baghlah" is missing its long description.
export_units.txt 127: (Entry baghlah) Unit description "baghlah" is missing its short description.
export_units.txt 127: (Entry baghlah) Unit description is not used by any unit.
export_units.txt 128: (Entry balk_cav_ch) Unit description "balk_cav_ch" is missing its long description.
export_units.txt 128: (Entry balk_cav_ch) Unit description "balk_cav_ch" is missing its short description.
export_units.txt 150: (Entry bhutan_warrior) Unit description "bhutan_warrior" is missing its short description.
export_units.txt 150: (Entry bhutan_warrior) Unit description is not used by any unit.
export_units.txt 152: (Entry black_swords) Unit description "black_swords" is missing its long description.
export_units.txt 152: (Entry black_swords) Unit description "black_swords" is missing its short description.
export_units.txt 152: (Entry black_swords) Unit description is not used by any unit.
export_units.txt 162: (Entry boer_ww1_heavy) Unit description is not used by any unit.
export_units.txt 171: (Entry bolsh_inf) Unit description is not used by any unit.
export_units.txt 288: (Entry crusade_mercs) Unit description is not used by any unit.
export_units.txt 345: (Entry d_uk_knights) Unit description "d_uk_knights" is missing its long description.
export_units.txt 345: (Entry d_uk_knights) Unit description "d_uk_knights" is missing its short description.
export_units.txt 345: (Entry d_uk_knights) Unit description is not used by any unit.
export_units.txt 355: (Entry dromon) Unit description "dromon" is missing its long description.
export_units.txt 355: (Entry dromon) Unit description "dromon" is missing its short description.
export_units.txt 355: (Entry dromon) Unit description is not used by any unit.
export_units.txt 374: (Entry early_peru_inf) Unit description is not used by any unit.
export_units.txt 404: (Entry fire_ship) Unit description "fire_ship" is missing its long description.
export_units.txt 404: (Entry fire_ship) Unit description "fire_ship" is missing its short description.
export_units.txt 404: (Entry fire_ship) Unit description is not used by any unit.
export_units.txt 455: (Entry fra_guard_ve) Unit description is not used by any unit.
export_units.txt 473: (Entry fra_inf_ch) Unit description is not used by any unit.
export_units.txt 522: (Entry galleass) Unit description "galleass" is missing its long description.
export_units.txt 522: (Entry galleass) Unit description "galleass" is missing its short description.
export_units.txt 522: (Entry galleass) Unit description is not used by any unit.
export_units.txt 523: (Entry galley) Unit description "galley" is missing its long description.
export_units.txt 523: (Entry galley) Unit description "galley" is missing its short description.
export_units.txt 523: (Entry galley) Unit description is not used by any unit.
export_units.txt 533: (Entry otto_arab_brig) Unit description "otto_arab_brig" is missing its long description.
export_units.txt 533: (Entry otto_arab_brig) Unit description "otto_arab_brig" is missing its short description.
export_units.txt 533: (Entry otto_arab_brig) Unit description is not used by any unit.
export_units.txt 548: (Entry gr_guard_gr) Unit description is not used by any unit.
export_units.txt 549: (Entry gr_guard) Unit description "gr_guard" is missing its long description.
export_units.txt 549: (Entry gr_guard) Unit description "gr_guard" is missing its short description.
export_units.txt 549: (Entry gr_guard) Unit description is not used by any unit.
export_units.txt 565: (Entry greek_carbs) Unit description "greek_carbs" is missing its long description.
export_units.txt 565: (Entry greek_carbs) Unit description "greek_carbs" is missing its short description.
export_units.txt 565: (Entry greek_carbs) Unit description is not used by any unit.
export_units.txt 572: (Entry greek_hoplite) Unit description is not used by any unit.
export_units.txt 584: (Entry holk) Unit description "holk" is missing its long description.
export_units.txt 584: (Entry holk) Unit description "holk" is missing its short description.
export_units.txt 584: (Entry holk) Unit description is not used by any unit.
export_units.txt 612: (Entry it_chasseurs) Unit description "it_chasseurs" is missing its long description.
export_units.txt 612: (Entry it_chasseurs) Unit description "it_chasseurs" is missing its short description.
export_units.txt 612: (Entry it_chasseurs) Unit description is not used by any unit.
export_units.txt 622: (Entry indian_ele_maxim) Unit description is not used by any unit.
export_units.txt 640: (Entry island_jihadist) Unit description is not used by any unit.
export_units.txt 649: (Entry it_roman) Unit description is not used by any unit.
export_units.txt 673: (Entry jap_gas) Unit description is not used by any unit.
export_units.txt 718: (Entry junk) Unit description "junk" is missing its long description.
export_units.txt 718: (Entry junk) Unit description "junk" is missing its short description.
export_units.txt 718: (Entry junk) Unit description is not used by any unit.
export_units.txt 734: (Entry kazakh_spearman) Unit description "kazakh_spearman" is missing its long description.
export_units.txt 734: (Entry kazakh_spearman) Unit description "kazakh_spearman" is missing its short description.
export_units.txt 734: (Entry kazakh_spearman) Unit description is not used by any unit.
export_units.txt 737: (Entry khi_12lb) Unit description is not used by any unit.
export_units.txt 740: (Entry khi_150mm) Unit description is not used by any unit.
export_units.txt 743: (Entry khi_5lb) Unit description is not used by any unit.
export_units.txt 746: (Entry khi_armstrong) Unit description is not used by any unit.
export_units.txt 749: (Entry khi_gatling) Unit description is not used by any unit.
export_units.txt 752: (Entry khi_maxim) Unit description is not used by any unit.
export_units.txt 789: (Entry korean_archers) Unit description "korean_archers" is missing its long description.
export_units.txt 789: (Entry korean_archers) Unit description "korean_archers" is missing its short description.
export_units.txt 793: (Entry korean_cav) Unit description "korean_cav" is missing its long description.
export_units.txt 793: (Entry korean_cav) Unit description "korean_cav" is missing its short description.
export_units.txt 793: (Entry korean_cav) Unit description is not used by any unit.
export_units.txt 797: (Entry korean_rifles) Unit description is not used by any unit.
export_units.txt 809: (Entry lanternas) Unit description "lanternas" is missing its long description.
export_units.txt 809: (Entry lanternas) Unit description "lanternas" is missing its short description.
export_units.txt 809: (Entry lanternas) Unit description is not used by any unit.
export_units.txt 813: (Entry longboat) Unit description "longboat" is missing its long description.
export_units.txt 813: (Entry longboat) Unit description "longboat" is missing its short description.
export_units.txt 813: (Entry longboat) Unit description is not used by any unit.
export_units.txt 825: (Entry maori_musketeers) Unit description is not used by any unit.
export_units.txt 829: (Entry merc_siam_archers) Unit description "merc_siam_archers" is missing its long description.
export_units.txt 829: (Entry merc_siam_archers) Unit description "merc_siam_archers" is missing its short description.
export_units.txt 829: (Entry merc_siam_archers) Unit description is not used by any unit.
export_units.txt 830: (Entry merc_tibet_horse_archers) Unit description "merc_tibet_horse_archers" is missing its long description.
export_units.txt 830: (Entry merc_tibet_horse_archers) Unit description "merc_tibet_horse_archers" is missing its short description.
export_units.txt 830: (Entry merc_tibet_horse_archers) Unit description is not used by any unit.
export_units.txt 872: (Entry merc_d_fra_for_cav) Unit description is not used by any unit.
export_units.txt 893: (Entry merc_indian_heavy_banduqchis) Unit description is not used by any unit.
export_units.txt 903: (Entry merc_jap_bear_militia) Unit description "merc_jap_bear_militia" is missing its long description.
export_units.txt 903: (Entry merc_jap_bear_militia) Unit description "merc_jap_bear_militia" is missing its short description.
export_units.txt 903: (Entry merc_jap_bear_militia) Unit description is not used by any unit.
export_units.txt 916: (Entry merc_kazakh_spearman) Unit description "merc_kazakh_spearman" is missing its long description.
export_units.txt 916: (Entry merc_kazakh_spearman) Unit description "merc_kazakh_spearman" is missing its short description.
export_units.txt 916: (Entry merc_kazakh_spearman) Unit description is not used by any unit.
export_units.txt 926: (Entry nubian_spearmen) Unit description is not used by any unit.
export_units.txt 934: (Entry merc_mongol_hevcav) Unit description is not used by any unit.
export_units.txt 935: (Entry mongol_hevcav) Unit description "mongol_hevcav" is missing its long description.
export_units.txt 935: (Entry mongol_hevcav) Unit description "mongol_hevcav" is missing its short description.
export_units.txt 938: (Entry merc_mongol_inf) Unit description is not used by any unit.
export_units.txt 945: (Entry merc_pith_troopers) Unit description "merc_pith_troopers" is missing its long description.
export_units.txt 945: (Entry merc_pith_troopers) Unit description "merc_pith_troopers" is missing its short description.
export_units.txt 945: (Entry merc_pith_troopers) Unit description is not used by any unit.
export_units.txt 1036: (Entry mex_ww1_inf) Unit description "mex_ww1_inf" is missing its long description.
export_units.txt 1036: (Entry mex_ww1_inf) Unit description "mex_ww1_inf" is missing its short description.
export_units.txt 1036: (Entry mex_ww1_inf) Unit description is not used by any unit.
export_units.txt 1078: (Entry ninja_inf) Unit description is not used by any unit.
export_units.txt 1124: (Entry panokseon) Unit description "panokseon" is missing its long description.
export_units.txt 1124: (Entry panokseon) Unit description "panokseon" is missing its short description.
export_units.txt 1124: (Entry panokseon) Unit description is not used by any unit.
export_units.txt 1127: (Entry papa_bows) Unit description is not used by any unit.
export_units.txt 1128: (Entry para_foot) Unit description is not used by any unit.
export_units.txt 1157: (Entry peru_roy_inf) Unit description is not used by any unit.
export_units.txt 1160: (Entry peru_ww1_inf) Unit description is not used by any unit.
export_units.txt 1166: (Entry pol_hussars) Unit description is not used by any unit.
export_units.txt 1169: (Entry port_inf) Unit description is not used by any unit.
export_units.txt 1172: (Entry port_lancer) Unit description is not used by any unit.
export_units.txt 1187: (Entry qajar_ww1_cav) Unit description is not used by any unit.
export_units.txt 1199: (Entry qing_inf) Unit description "qing_inf" is missing its long description.
export_units.txt 1198: (Entry qing_inf_short) Unit description "qing_inf_short" is missing its long description.
export_units.txt 1198: (Entry qing_inf_short) Unit description "qing_inf_short" is missing its short description.
export_units.txt 1198: (Entry qing_inf_short) Unit description is not used by any unit.
export_units.txt 1217: (Entry rec_bav) Unit description "rec_bav" is missing its long description.
export_units.txt 1216: (Entry rec_bav_desct) Unit description "rec_bav_desct" is missing its long description.
export_units.txt 1216: (Entry rec_bav_desct) Unit description "rec_bav_desct" is missing its short description.
export_units.txt 1216: (Entry rec_bav_desct) Unit description is not used by any unit.
export_units.txt 1267: (Entry rus_dismounted_cossack) Unit description is not used by any unit.
export_units.txt 1266: (Entry rus_dismounted_cossack_eg) Unit description "rus_dismounted_cossack_eg" is missing its long description.
export_units.txt 1266: (Entry rus_dismounted_cossack_eg) Unit description is not used by any unit.
export_units.txt 1300: (Entry rus_late_guard) Unit description is not used by any unit.
export_units.txt 1307: (Entry rus_roy_cav) Unit description "rus_roy_cav" is missing its long description.
export_units.txt 1307: (Entry rus_roy_cav) Unit description "rus_roy_cav" is missing its short description.
export_units.txt 1307: (Entry rus_roy_cav) Unit description is not used by any unit.
export_units.txt 1309: (Entry bul_inf_early) Unit description "bul_inf_early" is missing its long description.
export_units.txt 1309: (Entry bul_inf_early) Unit description "bul_inf_early" is missing its short description.
export_units.txt 1309: (Entry bul_inf_early) Unit description is not used by any unit.
export_units.txt 1324: (Entry sam_militia) Unit description "sam_militia" is missing its long description.
export_units.txt 1324: (Entry sam_militia) Unit description "sam_militia" is missing its short description.
export_units.txt 1324: (Entry sam_militia) Unit description is not used by any unit.
export_units.txt 1328: (Entry segunda_inf) Unit description "segunda_inf" is missing its long description.
export_units.txt 1330: (Entry segunda_inf_desc) Unit description "segunda_inf_desc" is missing its long description.
export_units.txt 1330: (Entry segunda_inf_desc) Unit description "segunda_inf_desc" is missing its short description.
export_units.txt 1330: (Entry segunda_inf_desc) Unit description is not used by any unit.
export_units.txt 1334: (Entry serb_inf) Unit description "serb_inf" is missing its long description.
export_units.txt 1334: (Entry serb_inf) Unit description "serb_inf" is missing its short description.
export_units.txt 1334: (Entry serb_inf) Unit description is not used by any unit.
export_units.txt 1335: (Entry serb_inf_desc) Unit description "serb_inf_desc" is missing its long description.
export_units.txt 1335: (Entry serb_inf_desc) Unit description "serb_inf_desc" is missing its short description.
export_units.txt 1335: (Entry serb_inf_desc) Unit description is not used by any unit.
export_units.txt 1336: (Entry serb_inf_desc_short) Unit description "serb_inf_desc_short" is missing its long description.
export_units.txt 1336: (Entry serb_inf_desc_short) Unit description "serb_inf_desc_short" is missing its short description.
export_units.txt 1336: (Entry serb_inf_desc_short) Unit description is not used by any unit.
export_units.txt 1404: Unit name "siam_riflemen" is missing but short and/or long description exists.
export_units.txt 1403: (Entry siam_riflemen) Unit description is not used by any unit.
export_units.txt 1425: (Entry spa_cav2) Unit description is not used by any unit.
export_units.txt 1428: (Entry spa_cav) Unit description is not used by any unit.
export_units.txt 1443: (Entry spa_ww1_heavy) Unit description is not used by any unit.
export_units.txt 1446: (Entry spain_inf) Unit description is not used by any unit.
export_units.txt 1479: (Entry tib_monks) Unit description is not used by any unit.
export_units.txt 1482: (Entry merc_tib_monks) Unit description is not used by any unit.
export_units.txt 1507: (Entry uk_indians) Unit description "uk_indians" is missing its long description.
export_units.txt 1507: (Entry uk_indians) Unit description "uk_indians" is missing its short description.
export_units.txt 1507: (Entry uk_indians) Unit description is not used by any unit.
export_units.txt 1540: (Entry uk_sailor_tu) Unit description is not used by any unit.
export_units.txt 1558: (Entry uru_inf) Unit description is not used by any unit.
export_units.txt 1633: (Entry viet_early_inf) Unit description is not used by any unit.
export_units.txt 1639: (Entry viking_inf) Unit description is not used by any unit.
export_units.txt 1640: (Entry war_dhow) Unit description "war_dhow" is missing its long description.
export_units.txt 1640: (Entry war_dhow) Unit description "war_dhow" is missing its short description.
export_units.txt 1640: (Entry war_dhow) Unit description is not used by any unit.
export_units.txt 1641: (Entry war_galley) Unit description "war_galley" is missing its long description.
export_units.txt 1641: (Entry war_galley) Unit description "war_galley" is missing its short description.
export_units.txt 1641: (Entry war_galley) Unit description is not used by any unit.
export_units.txt 1650: (Entry zul_150mm) Unit description is not used by any unit.
export_units.txt 1681: (Entry zulu_ww1_inf) Unit description is not used by any unit.
descr_engines.txt 27: (Entry huge_bombard) Engine refers to crew animation "fire" which is not contained in any of its model groups' skeletons.
descr_engines.txt 27: (Entry huge_bombard) Engine refers to crew animation "fire" which is not contained in any of its model groups' skeletons.
descr_engines.txt 27: (Entry huge_bombard) Engine refers to crew animation "fire" which is not contained in any of its model groups' skeletons.
descr_engines.txt 94: (Entry armstrong) Engine refers to crew animation "crank_attachment" which is not contained in any of its model groups' skeletons.
descr_engines.txt 94: (Entry armstrong) Engine refers to crew animation "fire" which is not contained in any of its model groups' skeletons.
descr_engines.txt 94: (Entry armstrong) Engine refers to crew animation "fire" which is not contained in any of its model groups' skeletons.
descr_engines.txt 94: (Entry armstrong) Engine refers to crew animation "fire" which is not contained in any of its model groups' skeletons.
descr_engines.txt 157: (Entry haliakasi) Engine refers to crew animation "fire" which is not contained in any of its model groups' skeletons.
descr_engines.txt 219: (Entry gatling) Engine refers to crew animation "fire" which is not contained in any of its model groups' skeletons.
descr_engines.txt 281: (Entry mitrailleuse) Engine refers to crew animation "fire" which is not contained in any of its model groups' skeletons.
descr_engines.txt 343: (Entry rocket_launcher) Engine refers to crew animation "fire" which is not contained in any of its model groups' skeletons.
descr_engines.txt 411: (Entry mmortar) Engine refers to crew animation "crank_attachment" which is not contained in any of its model groups' skeletons.
descr_engines.txt 411: (Entry mmortar) Engine refers to crew animation "crank_attachment" which is not contained in any of its model groups' skeletons.
descr_engines.txt 411: (Entry mmortar) Engine refers to crew animation "fire" which is not contained in any of its model groups' skeletons.
descr_engines.txt 411: (Entry mmortar) Engine refers to crew animation "fire" which is not contained in any of its model groups' skeletons.
descr_engines.txt 411: (Entry mmortar) Engine refers to crew animation "fire" which is not contained in any of its model groups' skeletons.
descr_engines.txt 479: (Entry liudanpao) Engine refers to crew animation "crank_attachment" which is not contained in any of its model groups' skeletons.
descr_engines.txt 479: (Entry liudanpao) Engine refers to crew animation "crank_attachment" which is not contained in any of its model groups' skeletons.
descr_engines.txt 479: (Entry liudanpao) Engine refers to crew animation "crank_attachment" which is not contained in any of its model groups' skeletons.
descr_engines.txt 479: (Entry liudanpao) Engine refers to crew animation "fire" which is not contained in any of its model groups' skeletons.
descr_engines.txt 479: (Entry liudanpao) Engine refers to crew animation "fire" which is not contained in any of its model groups' skeletons.
descr_engines.txt 479: (Entry liudanpao) Engine refers to crew animation "fire" which is not contained in any of its model groups' skeletons.
descr_engines.txt 546: (Entry monster_ribault) Unrecognized engine class monster_ribault.
descr_engines.txt 546: (Entry monster_ribault) Engine refers to crew animation "special_crank" which is not contained in any of its model groups' skeletons.
descr_engines.txt 546: (Entry monster_ribault) Engine refers to crew animation "fire" which is not contained in any of its model groups' skeletons.
descr_engines.txt 546: (Entry monster_ribault) Engine refers to crew animation "special_fire" which is not contained in any of its model groups' skeletons.
descr_engines.txt 614: (Entry culverin) Engine refers to crew animation "crank_attachment" which is not contained in any of its model groups' skeletons.
descr_engines.txt 614: (Entry culverin) Engine refers to crew animation "crank_attachment" which is not contained in any of its model groups' skeletons.
descr_engines.txt 614: (Entry culverin) Engine refers to crew animation "crank_attachment" which is not contained in any of its model groups' skeletons.
descr_engines.txt 614: (Entry culverin) Engine refers to crew animation "fire" which is not contained in any of its model groups' skeletons.
descr_engines.txt 614: (Entry culverin) Engine refers to crew animation "fire_attachment" which is not contained in any of its model groups' skeletons.
descr_engines.txt 614: (Entry culverin) Engine refers to crew animation "fire" which is not contained in any of its model groups' skeletons.
descr_engines.txt 614: (Entry culverin) Engine refers to crew animation "fire_attachment" which is not contained in any of its model groups' skeletons.
descr_engines.txt 614: (Entry culverin) Engine refers to crew animation "fire" which is not contained in any of its model groups' skeletons.
descr_engines.txt 614: (Entry culverin) Engine refers to crew animation "fire_attachment" which is not contained in any of its model groups' skeletons.
descr_engines.txt 683: (Entry av2) Engine refers to crew animation "crank_attachment" which is not contained in any of its model groups' skeletons.
descr_engines.txt 683: (Entry av2) Engine refers to crew animation "fire" which is not contained in any of its model groups' skeletons.
descr_engines.txt 683: (Entry av2) Engine refers to crew animation "fire" which is not contained in any of its model groups' skeletons.
descr_engines.txt 683: (Entry av2) Engine refers to crew animation "fire" which is not contained in any of its model groups' skeletons.
descr_engines.txt 745: (Entry feldkanone) Engine refers to crew animation "crank_attachment" which is not contained in any of its model groups' skeletons.
descr_engines.txt 745: (Entry feldkanone) Engine refers to crew animation "fire" which is not contained in any of its model groups' skeletons.
descr_engines.txt 745: (Entry feldkanone) Engine refers to crew animation "fire" which is not contained in any of its model groups' skeletons.
descr_engines.txt 745: (Entry feldkanone) Engine refers to crew animation "fire" which is not contained in any of its model groups' skeletons.
descr_engines.txt 808: (Entry maxim) Engine refers to crew animation "fire" which is not contained in any of its model groups' skeletons.
descr_engines.txt 870: (Entry pompom) Engine refers to crew animation "fire" which is not contained in any of its model groups' skeletons.
descr_engines.txt 934: (Entry serpentine) Engine refers to crew animation "crank_attachment" which is not contained in any of its model groups' skeletons.
descr_engines.txt 934: (Entry serpentine) Engine refers to crew animation "crank_attachment" which is not contained in any of its model groups' skeletons.
descr_engines.txt 934: (Entry serpentine) Engine refers to crew animation "crank_attachment" which is not contained in any of its model groups' skeletons.
descr_engines.txt 934: (Entry serpentine) Engine refers to crew animation "fire" which is not contained in any of its model groups' skeletons.
descr_engines.txt 934: (Entry serpentine) Engine refers to crew animation "fire" which is not contained in any of its model groups' skeletons.
descr_engines.txt 934: (Entry serpentine) Engine refers to crew animation "fire" which is not contained in any of its model groups' skeletons.
descr_engines.txt 1000: (Entry catapult) Engine refers to crew animation "fire" which is not contained in any of its model groups' skeletons.
descr_engines.txt 1000: (Entry catapult) Engine refers to crew animation "fire" which is not contained in any of its model groups' skeletons.
descr_engines.txt 1063: (Entry 12pound) Engine refers to crew animation "crank_attachment" which is not contained in any of its model groups' skeletons.
descr_engines.txt 1063: (Entry 12pound) Engine refers to crew animation "crank_attachment" which is not contained in any of its model groups' skeletons.
descr_engines.txt 1063: (Entry 12pound) Engine refers to crew animation "crank_attachment" which is not contained in any of its model groups' skeletons.
descr_engines.txt 1063: (Entry 12pound) Engine refers to crew animation "fire" which is not contained in any of its model groups' skeletons.
descr_engines.txt 1063: (Entry 12pound) Engine refers to crew animation "fire" which is not contained in any of its model groups' skeletons.
descr_engines.txt 1063: (Entry 12pound) Engine refers to crew animation "fire" which is not contained in any of its model groups' skeletons.
descr_engines.txt 1129: (Entry bombard) Engine refers to crew animation "crank_attachment" which is not contained in any of its model groups' skeletons.
descr_engines.txt 1129: (Entry bombard) Engine refers to crew animation "crank_attachment" which is not contained in any of its model groups' skeletons.
descr_engines.txt 1129: (Entry bombard) Engine refers to crew animation "crank_attachment" which is not contained in any of its model groups' skeletons.
descr_engines.txt 1129: (Entry bombard) Engine refers to crew animation "fire" which is not contained in any of its model groups' skeletons.
descr_engines.txt 1129: (Entry bombard) Engine refers to crew animation "fire" which is not contained in any of its model groups' skeletons.
descr_engines.txt 1129: (Entry bombard) Engine refers to crew animation "fire" which is not contained in any of its model groups' skeletons.
descr_engines.txt 1198: (Entry mortar) Engine refers to crew animation "crank_attachment" which is not contained in any of its model groups' skeletons.
descr_engines.txt 1198: (Entry mortar) Engine refers to crew animation "crank_attachment" which is not contained in any of its model groups' skeletons.
descr_engines.txt 1198: (Entry mortar) Engine refers to crew animation "crank_attachment" which is not contained in any of its model groups' skeletons.
descr_engines.txt 1198: (Entry mortar) Engine refers to crew animation "fire" which is not contained in any of its model groups' skeletons.
descr_engines.txt 1198: (Entry mortar) Engine refers to crew animation "fire" which is not contained in any of its model groups' skeletons.
descr_engines.txt 1198: (Entry mortar) Engine refers to crew animation "fire" which is not contained in any of its model groups' skeletons.
descr_engines.txt 1264: (Entry basilisk) Engine refers to crew animation "crank_attachment" which is not contained in any of its model groups' skeletons.
descr_engines.txt 1264: (Entry basilisk) Engine refers to crew animation "crank_attachment" which is not contained in any of its model groups' skeletons.
descr_engines.txt 1264: (Entry basilisk) Engine refers to crew animation "crank_attachment" which is not contained in any of its model groups' skeletons.
descr_engines.txt 1264: (Entry basilisk) Engine refers to crew animation "fire" which is not contained in any of its model groups' skeletons.
descr_engines.txt 1264: (Entry basilisk) Engine refers to crew animation "fire" which is not contained in any of its model groups' skeletons.
descr_engines.txt 1264: (Entry basilisk) Engine refers to crew animation "fire" which is not contained in any of its model groups' skeletons.
descr_engines.txt 1331: (Entry ballista) Engine refers to crew animation "crank_attachment" which is not contained in any of its model groups' skeletons.
descr_engines.txt 1331: (Entry ballista) Engine refers to crew animation "crank_attachment" which is not contained in any of its model groups' skeletons.
descr_engines.txt 1331: (Entry ballista) Engine refers to crew animation "crank_attachment" which is not contained in any of its model groups' skeletons.
descr_engines.txt 1331: (Entry ballista) Engine refers to crew animation "fire" which is not contained in any of its model groups' skeletons.
descr_engines.txt 1331: (Entry ballista) Engine refers to crew animation "fire_attachment" which is not contained in any of its model groups' skeletons.
descr_engines.txt 1331: (Entry ballista) Engine refers to crew animation "fire" which is not contained in any of its model groups' skeletons.
descr_engines.txt 1331: (Entry ballista) Engine refers to crew animation "fire_attachment" which is not contained in any of its model groups' skeletons.
descr_engines.txt 1331: (Entry ballista) Engine refers to crew animation "fire" which is not contained in any of its model groups' skeletons.
descr_engines.txt 1331: (Entry ballista) Engine refers to crew animation "fire_attachment" which is not contained in any of its model groups' skeletons.
descr_engines.txt 1397: (Entry great_bombard) Engine refers to crew animation "crank_attachment" which is not contained in any of its model groups' skeletons.
descr_engines.txt 1397: (Entry great_bombard) Engine refers to crew animation "crank_attachment" which is not contained in any of its model groups' skeletons.
descr_engines.txt 1397: (Entry great_bombard) Engine refers to crew animation "crank_attachment" which is not contained in any of its model groups' skeletons.
descr_engines.txt 1397: (Entry great_bombard) Engine refers to crew animation "fire" which is not contained in any of its model groups' skeletons.
descr_engines.txt 1397: (Entry great_bombard) Engine refers to crew animation "fire" which is not contained in any of its model groups' skeletons.
descr_engines.txt 1397: (Entry great_bombard) Engine refers to crew animation "fire" which is not contained in any of its model groups' skeletons.
descr_engines.txt 1464: (Entry trebuchet) Engine refers to crew animation "fire" which is not contained in any of its model groups' skeletons.
descr_engines.txt 1464: (Entry trebuchet) Engine refers to crew animation "fire" which is not contained in any of its model groups' skeletons.
descr_engines.txt 1464: (Entry trebuchet) Engine refers to crew animation "fire" which is not contained in any of its model groups' skeletons.
descr_engines.txt 1529: (Entry mangonel) Unrecognized engine class mangonel.
descr_engines.txt 1529: (Entry mangonel) Engine refers to crew animation "fire" which is not contained in any of its model groups' skeletons.
descr_engines.txt 1529: (Entry mangonel) Engine refers to crew animation "fire" which is not contained in any of its model groups' skeletons.
descr_engines.txt 1529: (Entry mangonel) Engine refers to crew animation "fire" which is not contained in any of its model groups' skeletons.
descr_engines.txt 1596: (Entry cannon) Engine refers to crew animation "crank_attachment" which is not contained in any of its model groups' skeletons.
descr_engines.txt 1596: (Entry cannon) Engine refers to crew animation "crank_attachment" which is not contained in any of its model groups' skeletons.
descr_engines.txt 1596: (Entry cannon) Engine refers to crew animation "crank_attachment" which is not contained in any of its model groups' skeletons.
descr_engines.txt 1596: (Entry cannon) Engine refers to crew animation "fire" which is not contained in any of its model groups' skeletons.
descr_engines.txt 1596: (Entry cannon) Engine refers to crew animation "fire" which is not contained in any of its model groups' skeletons.
descr_engines.txt 1596: (Entry cannon) Engine refers to crew animation "fire" which is not contained in any of its model groups' skeletons.
descr_engines.txt 1663: (Entry ribault) Engine refers to crew animation "fire" which is not contained in any of its model groups' skeletons.
battle_models.modeldb 2986: (Entry indian_cannon_elephant) Assigned non-existent mount skeleton fs_asian_elephant
battle_models.modeldb 19545: (Entry mount_a7v) Assigned non-existent mount skeleton fs_warwagon_chariot
Animation file "animations/engine/ballista/ballista_crank.cas" is not referenced in descr_skeleton or descr_engine_skeleton.
